<?xml version="1.0" encoding="UTF-8"?>
<testsuite name="com.thoughtworks.bootcamp.HappySadNumberTest" tests="8" skipped="0" failures="0" errors="0" timestamp="2019-10-06T05:50:17" hostname="Snehas-MacBook-Pro-2.local" time="0.015">
  <properties/>
  <testcase name="givenNumberHundred_WhenCheck_ThenShouldNotBeHappyNumber()" classname="com.thoughtworks.bootcamp.HappySadNumberTest" time="0.007"/>
  <testcase name="givenNumberThree_WhenCheck_ThenShouldNotBeHappyNumber()" classname="com.thoughtworks.bootcamp.HappySadNumberTest" time="0.001"/>
  <testcase name="givenNumberSeven_WhenCheck_ThenShouldNotBeHappyNumber()" classname="com.thoughtworks.bootcamp.HappySadNumberTest" time="0.0"/>
  <testcase name="givenNumberTwo_WhenCheck_ThenShouldNotBeHappyNumber()" classname="com.thoughtworks.bootcamp.HappySadNumberTest" time="0.0"/>
  <testcase name="givenNumberTen_WhenCheck_ThenShouldBeHappyNumber()" classname="com.thoughtworks.bootcamp.HappySadNumberTest" time="0.0"/>
  <testcase name="givenNumberNine_WhenCheck_ThenShouldNotBeHappyNumber()" classname="com.thoughtworks.bootcamp.HappySadNumberTest" time="0.001"/>
  <testcase name="givenNumberNineteen_WhenCheck_ThenShouldBeBeHappyNumber()" classname="com.thoughtworks.bootcamp.HappySadNumberTest" time="0.001"/>
  <testcase name="givenNumberOne_WhenCheck_ThenShouldBeHappyNumber()" classname="com.thoughtworks.bootcamp.HappySadNumberTest" time="0.001"/>
  <system-out><![CDATA[]]></system-out>
  <system-err><![CDATA[]]></system-err>
</testsuite>
